<?xml version="1.0" encoding="utf-8"?><testsuites name="pytest tests"><testsuite name="pytest" errors="0" failures="0" skipped="0" tests="5" time="0.987" timestamp="2026-06-26T12:41:16.641818+00:00" hostname="agent-env-054b837c-c78a-473a-8fd1-eceb3bfa827b"><testcase classname="backend.tests.test_generate_quote" name="test_validation_short_key" time="0.308" /><testcase classname="backend.tests.test_generate_quote" name="test_validation_missing_customer" time="0.132" /><testcase classname="backend.tests.test_generate_quote" name="test_validation_order_zero" time="0.126" /><testcase classname="backend.tests.test_generate_quote" name="test_invalid_gemini_key_returns_400" time="0.218" /><testcase classname="backend.tests.test_generate_quote" name="test_root" time="0.144" /></testsuite></testsuites>